Build started 2/11/2019 6:46:38 PM.
     1>Project "C:\Users\Swapnil\Desktop\iGraphics\DxBall\test1\test1\test1.vcxproj" on node 2 (Build target(s)).
     1>Link:
         C:\Program Files (x86)\Microsoft Visual Studio 12.0\VC\bin\link.exe /ERRORREPORT:PROMPT /OUT:"C:\Users\Swapnil\Desktop\iGraphics\DxBall\test1\Debug\test1.exe" /INCREMENTAL /NOLOGO kernel32.lib user32.lib gdi32.lib winspool.lib comdlg32.lib advapi32.lib shell32.lib ole32.lib oleaut32.lib uuid.lib odbc32.lib odbccp32.lib /MANIFEST /MANIFESTUAC:"level='asInvoker' uiAccess='false'" /manifest:embed /DEBUG /PDB:"C:\Users\Swapnil\Desktop\iGraphics\DxBall\test1\Debug\test1.pdb" /TLBID:1 /DYNAMICBASE /NXCOMPAT /IMPLIB:"C:\Users\Swapnil\Desktop\iGraphics\DxBall\test1\Debug\test1.lib" /MACHINE:X86 Debug\iMain.obj
     1>LINK : fatal error LNK1104: cannot open file 'glut32.lib'
     1>Done Building Project "C:\Users\Swapnil\Desktop\iGraphics\DxBall\test1\test1\test1.vcxproj" (Build target(s)) -- FAILED.

Build FAILED.

Time Elapsed 00:00:00.15
